<?xml version="1.0" encoding="UTF-8"?>
<!-- Generated by org.testng.reporters.JUnitReportReporter -->
<testsuite hostname="DESKTOP-V0PL2RJ" failures="0" tests="3" name="testNG1.SignUp" time="0.021" errors="0" timestamp="2025-06-25T22:44:42 IST" skipped="0">
  <testcase classname="testNG1.SignUp" name="Signupbygmail" time="0.017"/>
  <testcase classname="testNG1.SignUp" name="Signupbyfacebook" time="0.002"/>
  <testcase classname="testNG1.SignUp" name="Signupbyzoom" time="0.002"/>
</testsuite> <!-- testNG1.SignUp -->
