<?xml version="1.0" encoding="UTF-8"?>
<!-- Generated by org.testng.reporters.JUnitReportReporter -->
<testsuite hostname="DESKTOP-V0PL2RJ" failures="0" tests="4" name="testNg.Annot1" time="0.049" errors="0" timestamp="2025-07-04T17:53:02 IST" skipped="0">
  <testcase classname="testNg.Annot1" name="search" time="0.007"/>
  <testcase classname="testNg.Annot1" name="search" time="0.019"/>
  <testcase classname="testNg.Annot1" name="Advsearch" time="0.018"/>
  <testcase classname="testNg.Annot1" name="Advsearch" time="0.005"/>
</testsuite> <!-- testNg.Annot1 -->
