<?xml version="1.0" encoding="UTF-8"?>
<!-- Generated by org.testng.reporters.JUnitReportReporter -->
<testsuite hostname="DESKTOP-V0PL2RJ" failures="0" tests="1" name="POM.LoginTest" time="10.457" errors="0" timestamp="2025-07-03T11:25:06 IST" skipped="0">
  <testcase classname="POM.LoginTest" name="Login" time="10.457"/>
</testsuite> <!-- POM.LoginTest -->
