<?xml version="1.0" encoding="UTF-8"?>
<!-- Generated by org.testng.reporters.JUnitReportReporter -->
<testsuite hostname="DESKTOP-V0PL2RJ" failures="0" tests="3" name="testNG1.Login" time="0.023" errors="0" timestamp="2025-06-25T22:44:14 IST" skipped="0">
  <testcase classname="testNG1.Login" name="Loginbygmail" time="0.017"/>
  <testcase classname="testNG1.Login" name="Loginbyfacebook" time="0.004"/>
  <testcase classname="testNG1.Login" name="Loginbyzoom" time="0.002"/>
</testsuite> <!-- testNG1.Login -->
