<?xml version="1.0" encoding="UTF-8"?>
<!-- Generated by org.testng.reporters.JUnitReportReporter -->
<testsuite hostname="DESKTOP-V0PL2RJ" failures="0" tests="1" name="testNg.hard" time="0.015" errors="0" timestamp="2025-07-04T18:09:30 IST" skipped="0">
  <testcase classname="testNg.hard" name="m1" time="0.015"/>
</testsuite> <!-- testNg.hard -->
