<?xml version="1.0" encoding="UTF-8"?>
<!-- Generated by org.testng.reporters.JUnitReportReporter -->
<testsuite hostname="DESKTOP-V0PL2RJ" failures="0" tests="4" name="testNg.parameterization" time="36.843" errors="0" timestamp="2025-07-05T12:05:34 IST" skipped="0">
  <testcase classname="testNg.parameterization" name="login" time="8.810"/>
  <testcase classname="testNg.parameterization" name="login" time="8.771"/>
  <testcase classname="testNg.parameterization" name="login" time="9.890"/>
  <testcase classname="testNg.parameterization" name="login" time="9.372"/>
</testsuite> <!-- testNg.parameterization -->
