<?xml version="1.0" encoding="UTF-8"?>
<!-- Generated by org.testng.reporters.JUnitReportReporter -->
<testsuite hostname="DESKTOP-V0PL2RJ" failures="0" tests="2" name="testNG1.Payments" time="0.016" errors="0" timestamp="2025-06-25T22:44:53 IST" skipped="0">
  <testcase classname="testNG1.Payments" name="PaymentsinRupees" time="0.012"/>
  <testcase classname="testNG1.Payments" name="PaymentsinDollars" time="0.004"/>
</testsuite> <!-- testNG1.Payments -->
