<?xml version="1.0" encoding="UTF-8"?>
<!-- Generated by org.testng.reporters.JUnitReportReporter -->
<testsuite hostname="DESKTOP-V0PL2RJ" failures="0" tests="4" name="testNg.testng" time="0.019" errors="0" timestamp="2025-07-04T17:39:26 IST" skipped="0">
  <testcase classname="testNg.testng" name="login" time="0.012"/>
  <testcase classname="testNg.testng" name="search" time="0.003"/>
  <testcase classname="testNg.testng" name="Advsearch" time="0.002"/>
  <testcase classname="testNg.testng" name="logout" time="0.002"/>
</testsuite> <!-- testNg.testng -->
